{
  "stats": {
    "suites": 1,
    "tests": 5,
    "passes": 4,
    "pending": 0,
    "failures": 1,
    "start": "2018-05-22T13:20:51.529Z",
    "end": "2018-05-22T13:20:52.448Z",
    "duration": 919,
    "testsRegistered": 5,
    "passPercent": 80,
    "pendingPercent": 0,
    "other": 0,
    "hasOther": false,
    "skipped": 0,
    "hasSkipped": false,
    "passPercentClass": "success",
    "pendingPercentClass": "danger"
  },
  "suites": {
    "uuid": "d2e16c9c-30fa-4ae1-8e21-a43ec0b4b28d",
    "title": "",
    "fullFile": "",
    "file": "",
    "beforeHooks": [],
    "afterHooks": [],
    "tests": [],
    "suites": [
      {
        "uuid": "bddfcc13-6756-46dc-8e2e-9fddbaa4ca34",
        "title": "RecipeApp Unit Test",
        "fullFile": "/home/ubuntu/workspace/RecipeApi/test/testRecipe.js",
        "file": "/test/testRecipe.js",
        "beforeHooks": [],
        "afterHooks": [],
        "tests": [
          {
            "title": "should add a user",
            "fullTitle": "RecipeApp Unit Test should add a user",
            "timedOut": false,
            "duration": 33,
            "state": "passed",
            "speed": "fast",
            "pass": true,
            "fail": false,
            "pending": false,
            "code": "// post to /register\nserver.post('/register').send({ username: 'Test', password: '123' }).expect(200).end(function (err, res) {\n  res.status.should.equal(200);\n  done();\n});",
            "err": {},
            "isRoot": false,
            "uuid": "6a2c4e46-d2dc-4a57-9231-1d47e385d66b",
            "isHook": false,
            "skipped": false
          },
          {
            "title": "should add a recipe",
            "fullTitle": "RecipeApp Unit Test should add a recipe",
            "timedOut": false,
            "duration": 413,
            "state": "passed",
            "speed": "slow",
            "pass": true,
            "fail": false,
            "pending": false,
            "code": "server.post('/login').send({ username: 'Test', password: '123' }).expect(302) //being redirected after login\n.end(function (err, res) {\n  server.post('/recipes').send({ name: 'Pancakes', img: 'https://www.pic.com', ingredients: 'Ingredients', instructions: 'Mix' }).expect(302) //being redirected after post\n  .end(function (err, res) {\n    res.status.should.equal(302);\n    done();\n  });\n});",
            "err": {},
            "isRoot": false,
            "uuid": "eb718c5f-02a9-48c1-ae64-19f46b4c38d0",
            "isHook": false,
            "skipped": false
          },
          {
            "title": "should redirect if trying to add recipe and not logged in",
            "fullTitle": "RecipeApp Unit Test should redirect if trying to add recipe and not logged in",
            "timedOut": false,
            "duration": 0,
            "state": "failed",
            "pass": false,
            "fail": true,
            "pending": false,
            "code": "server.post('/recipes').send({ name: 'Pancakes', img: 'https://www.pic.com', ingredients: 'Ingredients', instructions: 'Mix' }).expect(403).end(function (err, res) {\n  res.status.should.equal(403);\n  done();\n});",
            "err": {
              "message": "AssertionError: expected 302 to be 403",
              "estack": "AssertionError: expected 302 to be 403\n    at Assertion.fail (node_modules/should/cjs/should.js:275:17)\n    at Assertion.value (node_modules/should/cjs/should.js:356:19)\n    at Test.<anonymous> (test/testRecipe.js:43:25)\n    at Test.assert (node_modules/supertest/lib/test.js:179:6)\n    at assert (node_modules/supertest/lib/test.js:131:12)\n    at node_modules/supertest/lib/test.js:128:5\n    at Test.Request.callback (node_modules/superagent/lib/node/index.js:631:3)\n    at IncomingMessage.<anonymous> (node_modules/superagent/lib/node/index.js:795:18)\n    at endReadableNT (_stream_readable.js:1101:12)\n    at process._tickCallback (internal/process/next_tick.js:114:19)",
              "diff": "- 302\n+ 403\n"
            },
            "isRoot": false,
            "uuid": "5f3c2d23-bc8f-4e05-a41a-ed88cceeccc8",
            "isHook": false,
            "skipped": false
          },
          {
            "title": "should return error after add",
            "fullTitle": "RecipeApp Unit Test should return error after add",
            "timedOut": false,
            "duration": 389,
            "state": "passed",
            "speed": "slow",
            "pass": true,
            "fail": false,
            "pending": false,
            "code": "server.post('/login').send({ username: 'Test', password: '123' }).end(function (err, res) {\n  server.post('/recipes').send({ name: 'Pancakes@', img: 'https://www.pic.com', ingredients: 'Ingredients', instructions: 'Mix' }).expect(500).end(function (err, res) {\n    res.status.should.equal(500);\n    done();\n  });\n});",
            "err": {},
            "isRoot": false,
            "uuid": "acac5d36-b059-4f7e-b45f-8a1da0b1bfbd",
            "isHook": false,
            "skipped": false
          },
          {
            "title": "should return recipes page",
            "fullTitle": "RecipeApp Unit Test should return recipes page",
            "timedOut": false,
            "duration": 13,
            "state": "passed",
            "speed": "fast",
            "pass": true,
            "fail": false,
            "pending": false,
            "code": "// calling home page api\nserver.get('/').expect('Content-type', /html/).expect(200).end(function (err, res) {\n  // HTTP status should be 200\n  res.status.should.equal(200);\n  done();\n});",
            "err": {},
            "isRoot": false,
            "uuid": "652073e0-5754-4f8a-84f4-b4152b3554ea",
            "isHook": false,
            "skipped": false
          }
        ],
        "suites": [],
        "passes": [
          "6a2c4e46-d2dc-4a57-9231-1d47e385d66b",
          "eb718c5f-02a9-48c1-ae64-19f46b4c38d0",
          "acac5d36-b059-4f7e-b45f-8a1da0b1bfbd",
          "652073e0-5754-4f8a-84f4-b4152b3554ea"
        ],
        "failures": [
          "5f3c2d23-bc8f-4e05-a41a-ed88cceeccc8"
        ],
        "pending": [],
        "skipped": [],
        "duration": null,
        "root": false,
        "rootEmpty": false,
        "_timeout": 2000
      }
    ],
    "passes": [],
    "failures": [],
    "pending": [],
    "skipped": [],
    "duration": 0,
    "root": true,
    "rootEmpty": true,
    "_timeout": 2000
  },
  "copyrightYear": 2018
}